1538340928392	geckodriver	INFO	Listening on 127.0.0.1:56541
1538340929319	mozprofile::profile	INFO	Using profile path /var/folders/9d/8y3cq4456gv0_ysndlsmtwqm0000gn/T/rust_mozprofile.0EQ18ORQstsT
1538340929321	geckodriver::marionette	INFO	Starting browser /Applications/Firefox.app/Contents/MacOS/firefox-bin
1538340929356	geckodriver::marionette	INFO	Connecting to Marionette on localhost:56554
1538340930090	Marionette	INFO	Listening on port 56554
JavaScript warning: https://www.googletagmanager.com/gtag/js?id=DC-2906542, line 73: unreachable code after return statement
JavaScript warning: https://www.googletagmanager.com/gtag/js?id=DC-2906542, line 73: unreachable code after return statement
JavaScript error: chrome://marionette/content/listener.js, line 870: TypeError: can't access dead object
[Child 8412] ###!!! ABORT: Aborting on channel error.: file /builds/slave/m-rel-m64-00000000000000000000/build/src/ipc/glue/MessageChannel.cpp, line 2056
[Child 8412] ###!!! ABORT: Aborting on channel error.: file /builds/slave/m-rel-m64-00000000000000000000/build/src/ipc/glue/MessageChannel.cpp, line 2056
1538341105411	geckodriver	INFO	Listening on 127.0.0.1:57500
1538341106352	mozprofile::profile	INFO	Using profile path /var/folders/9d/8y3cq4456gv0_ysndlsmtwqm0000gn/T/rust_mozprofile.kCmtbUwv7wCS
1538341106353	geckodriver::marionette	INFO	Starting browser /Applications/Firefox.app/Contents/MacOS/firefox-bin
1538341106355	geckodriver::marionette	INFO	Connecting to Marionette on localhost:57516
1538341106974	Marionette	INFO	Listening on port 57516
JavaScript warning: https://www.googletagmanager.com/gtag/js?id=DC-2906542, line 73: unreachable code after return statement
JavaScript warning: https://www.googletagmanager.com/gtag/js?id=DC-2906542, line 73: unreachable code after return statement
JavaScript warning: https://www.googletagmanager.com/gtag/js?id=DC-2906542, line 73: unreachable code after return statement
JavaScript warning: https://www.googletagmanager.com/gtag/js?id=DC-2906542, line 73: unreachable code after return statement
JavaScript warning: https://www.googletagmanager.com/gtag/js?id=DC-2906542, line 73: unreachable code after return statement
JavaScript warning: https://www.googletagmanager.com/gtag/js?id=DC-2906542, line 73: unreachable code after return statement
JavaScript warning: https://www.googletagmanager.com/gtag/js?id=DC-2906542, line 73: unreachable code after return statement
JavaScript warning: https://www.googletagmanager.com/gtag/js?id=DC-2906542, line 73: unreachable code after return statement
JavaScript warning: https://www.googletagmanager.com/gtag/js?id=DC-2906542, line 73: unreachable code after return statement
JavaScript warning: https://www.googletagmanager.com/gtag/js?id=DC-2906542, line 73: unreachable code after return statement
JavaScript warning: https://www.googletagmanager.com/gtag/js?id=DC-2906542, line 73: unreachable code after return statement
JavaScript warning: https://www.googletagmanager.com/gtag/js?id=DC-2906542, line 73: unreachable code after return statement
[Child 8456] WARNING: pipe error: Broken pipe: file /builds/slave/m-rel-m64-00000000000000000000/build/src/ipc/chromium/src/chrome/common/ipc_channel_posix.cc, line 684
[Child 8456] ###!!! ABORT: Aborting on channel error.: file /builds/slave/m-rel-m64-00000000000000000000/build/src/ipc/glue/MessageChannel.cpp, line 2056
[Child 8456] ###!!! ABORT: Aborting on channel error.: file /builds/slave/m-rel-m64-00000000000000000000/build/src/ipc/glue/MessageChannel.cpp, line 2056
1538341212994	geckodriver	INFO	Listening on 127.0.0.1:58301
1538341213943	mozprofile::profile	INFO	Using profile path /var/folders/9d/8y3cq4456gv0_ysndlsmtwqm0000gn/T/rust_mozprofile.qDbwxEI1NDk3
1538341213944	geckodriver::marionette	INFO	Starting browser /Applications/Firefox.app/Contents/MacOS/firefox-bin
1538341213947	geckodriver::marionette	INFO	Connecting to Marionette on localhost:58314
1538341214555	Marionette	INFO	Listening on port 58314
JavaScript warning: https://www.googletagmanager.com/gtag/js?id=DC-2906542, line 73: unreachable code after return statement
JavaScript warning: https://www.googletagmanager.com/gtag/js?id=DC-2906542, line 73: unreachable code after return statement
JavaScript error: https://cdn.userreplay.net/us135201215f1d5f6bbcc9e4e3b705b5c00_ct_v2.js, line 10: TypeError: t[n].sheet.rules is undefined
JavaScript error: https://cdn.userreplay.net/us135201215f1d5f6bbcc9e4e3b705b5c00_ct_v2.js, line 10: TypeError: t[n].sheet.rules is undefined
JavaScript error: https://cdn.userreplay.net/us135201215f1d5f6bbcc9e4e3b705b5c00_ct_v2.js, line 10: TypeError: t[n].sheet.rules is undefined
JavaScript warning: https://www.googletagmanager.com/gtag/js?id=DC-2906542, line 73: unreachable code after return statement
JavaScript warning: https://www.googletagmanager.com/gtag/js?id=DC-2906542, line 73: unreachable code after return statement
JavaScript error: https://cdn.userreplay.net/us135201215f1d5f6bbcc9e4e3b705b5c00_ct_v2.js, line 10: TypeError: t[n].sheet.rules is undefined
JavaScript error: https://cdn.userreplay.net/us135201215f1d5f6bbcc9e4e3b705b5c00_ct_v2.js, line 10: TypeError: t[n].sheet.rules is undefined
JavaScript warning: https://www.googletagmanager.com/gtag/js?id=DC-2906542, line 73: unreachable code after return statement
JavaScript warning: https://www.googletagmanager.com/gtag/js?id=DC-2906542, line 73: unreachable code after return statement
JavaScript error: https://cdn.userreplay.net/us135201215f1d5f6bbcc9e4e3b705b5c00_ct_v2.js, line 10: TypeError: t[n].sheet.rules is undefined
JavaScript error: https://cdn.userreplay.net/us135201215f1d5f6bbcc9e4e3b705b5c00_ct_v2.js, line 10: TypeError: t[n].sheet.rules is undefined
JavaScript warning: https://www.googletagmanager.com/gtag/js?id=DC-2906542, line 73: unreachable code after return statement
JavaScript warning: https://www.googletagmanager.com/gtag/js?id=DC-2906542, line 73: unreachable code after return statement
JavaScript error: https://cdn.userreplay.net/us135201215f1d5f6bbcc9e4e3b705b5c00_ct_v2.js, line 10: TypeError: t[n].sheet.rules is undefined
JavaScript error: https://cdn.userreplay.net/us135201215f1d5f6bbcc9e4e3b705b5c00_ct_v2.js, line 10: TypeError: t[n].sheet.rules is undefined
JavaScript warning: https://www.googletagmanager.com/gtag/js?id=DC-2906542, line 73: unreachable code after return statement
JavaScript warning: https://www.googletagmanager.com/gtag/js?id=DC-2906542, line 73: unreachable code after return statement
JavaScript error: https://cdn.userreplay.net/us135201215f1d5f6bbcc9e4e3b705b5c00_ct_v2.js, line 10: TypeError: t[n].sheet.rules is undefined
JavaScript error: https://cdn.userreplay.net/us135201215f1d5f6bbcc9e4e3b705b5c00_ct_v2.js, line 10: TypeError: t[n].sheet.rules is undefined
JavaScript warning: https://www.googletagmanager.com/gtag/js?id=DC-2906542, line 73: unreachable code after return statement
JavaScript warning: https://www.googletagmanager.com/gtag/js?id=DC-2906542, line 73: unreachable code after return statement
JavaScript error: https://cdn.userreplay.net/us135201215f1d5f6bbcc9e4e3b705b5c00_ct_v2.js, line 10: TypeError: t[n].sheet.rules is undefined
JavaScript warning: https://www.googletagmanager.com/gtag/js?id=DC-2906542, line 73: unreachable code after return statement
JavaScript warning: https://www.googletagmanager.com/gtag/js?id=DC-2906542, line 73: unreachable code after return statement
JavaScript error: https://cdn.userreplay.net/us135201215f1d5f6bbcc9e4e3b705b5c00_ct_v2.js, line 10: TypeError: t[n].sheet.rules is undefined
JavaScript warning: https://www.googletagmanager.com/gtag/js?id=DC-2906542, line 73: unreachable code after return statement
JavaScript warning: https://www.googletagmanager.com/gtag/js?id=DC-2906542, line 73: unreachable code after return statement
JavaScript error: https://cdn.userreplay.net/us135201215f1d5f6bbcc9e4e3b705b5c00_ct_v2.js, line 10: TypeError: t[n].sheet.rules is undefined
JavaScript error: https://cdn.userreplay.net/us135201215f1d5f6bbcc9e4e3b705b5c00_ct_v2.js, line 10: TypeError: t[n].sheet.rules is undefined
JavaScript warning: https://www.googletagmanager.com/gtag/js?id=DC-2906542, line 73: unreachable code after return statement
JavaScript warning: https://www.googletagmanager.com/gtag/js?id=DC-2906542, line 73: unreachable code after return statement
JavaScript error: https://cdn.userreplay.net/us135201215f1d5f6bbcc9e4e3b705b5c00_ct_v2.js, line 10: TypeError: t[n].sheet.rules is undefined
JavaScript error: https://cdn.userreplay.net/us135201215f1d5f6bbcc9e4e3b705b5c00_ct_v2.js, line 10: TypeError: t[n].sheet.rules is undefined
JavaScript error: https://cdn.userreplay.net/us135201215f1d5f6bbcc9e4e3b705b5c00_ct_v2.js, line 10: TypeError: t[n].sheet.rules is undefined
JavaScript warning: https://www.googletagmanager.com/gtag/js?id=DC-2906542, line 73: unreachable code after return statement
JavaScript warning: https://www.googletagmanager.com/gtag/js?id=DC-2906542, line 73: unreachable code after return statement
JavaScript error: https://cdn.userreplay.net/us135201215f1d5f6bbcc9e4e3b705b5c00_ct_v2.js, line 10: TypeError: t[n].sheet.rules is undefined
JavaScript warning: https://www.googletagmanager.com/gtag/js?id=DC-2906542, line 73: unreachable code after return statement
JavaScript warning: https://www.googletagmanager.com/gtag/js?id=DC-2906542, line 73: unreachable code after return statement
JavaScript error: https://cdn.userreplay.net/us135201215f1d5f6bbcc9e4e3b705b5c00_ct_v2.js, line 10: TypeError: t[n].sheet.rules is undefined
JavaScript error: https://cdn.userreplay.net/us135201215f1d5f6bbcc9e4e3b705b5c00_ct_v2.js, line 10: TypeError: t[n].sheet.rules is undefined
JavaScript warning: https://www.googletagmanager.com/gtag/js?id=DC-2906542, line 73: unreachable code after return statement
JavaScript warning: https://www.googletagmanager.com/gtag/js?id=DC-2906542, line 73: unreachable code after return statement
JavaScript error: https://cdn.userreplay.net/us135201215f1d5f6bbcc9e4e3b705b5c00_ct_v2.js, line 10: TypeError: t[n].sheet.rules is undefined
JavaScript error: https://cdn.userreplay.net/us135201215f1d5f6bbcc9e4e3b705b5c00_ct_v2.js, line 10: TypeError: t[n].sheet.rules is undefined
JavaScript error: https://cdn.userreplay.net/us135201215f1d5f6bbcc9e4e3b705b5c00_ct_v2.js, line 10: TypeError: t[n].sheet.rules is undefined
JavaScript warning: https://www.googletagmanager.com/gtag/js?id=DC-2906542, line 73: unreachable code after return statement
JavaScript warning: https://www.googletagmanager.com/gtag/js?id=DC-2906542, line 73: unreachable code after return statement
JavaScript error: https://cdn.userreplay.net/us135201215f1d5f6bbcc9e4e3b705b5c00_ct_v2.js, line 10: TypeError: t[n].sheet.rules is undefined
JavaScript error: https://cdn.userreplay.net/us135201215f1d5f6bbcc9e4e3b705b5c00_ct_v2.js, line 10: TypeError: t[n].sheet.rules is undefined
JavaScript warning: https://www.googletagmanager.com/gtag/js?id=DC-2906542, line 73: unreachable code after return statement
JavaScript warning: https://www.googletagmanager.com/gtag/js?id=DC-2906542, line 73: unreachable code after return statement
JavaScript error: https://cdn.userreplay.net/us135201215f1d5f6bbcc9e4e3b705b5c00_ct_v2.js, line 10: TypeError: t[n].sheet.rules is undefined
JavaScript warning: https://www.googletagmanager.com/gtag/js?id=DC-2906542, line 73: unreachable code after return statement
JavaScript warning: https://www.googletagmanager.com/gtag/js?id=DC-2906542, line 73: unreachable code after return statement
JavaScript error: https://cdn.userreplay.net/us135201215f1d5f6bbcc9e4e3b705b5c00_ct_v2.js, line 10: TypeError: t[n].sheet.rules is undefined
JavaScript error: https://cdn.userreplay.net/us135201215f1d5f6bbcc9e4e3b705b5c00_ct_v2.js, line 10: TypeError: t[n].sheet.rules is undefined
JavaScript warning: https://www.googletagmanager.com/gtag/js?id=DC-2906542, line 73: unreachable code after return statement
JavaScript warning: https://www.googletagmanager.com/gtag/js?id=DC-2906542, line 73: unreachable code after return statement
JavaScript error: https://cdn.userreplay.net/us135201215f1d5f6bbcc9e4e3b705b5c00_ct_v2.js, line 10: TypeError: t[n].sheet.rules is undefined
JavaScript error: https://cdn.userreplay.net/us135201215f1d5f6bbcc9e4e3b705b5c00_ct_v2.js, line 10: TypeError: t[n].sheet.rules is undefined
JavaScript warning: https://www.googletagmanager.com/gtag/js?id=DC-2906542, line 73: unreachable code after return statement
JavaScript warning: https://www.googletagmanager.com/gtag/js?id=DC-2906542, line 73: unreachable code after return statement
JavaScript warning: https://www.googletagmanager.com/gtag/js?id=DC-2906542, line 73: unreachable code after return statement
JavaScript warning: https://www.googletagmanager.com/gtag/js?id=DC-2906542, line 73: unreachable code after return statement
JavaScript error: https://cdn.userreplay.net/us135201215f1d5f6bbcc9e4e3b705b5c00_ct_v2.js, line 10: TypeError: t[n].sheet.rules is undefined
JavaScript error: https://cdn.userreplay.net/us135201215f1d5f6bbcc9e4e3b705b5c00_ct_v2.js, line 10: TypeError: t[n].sheet.rules is undefined
JavaScript warning: https://www.googletagmanager.com/gtag/js?id=DC-2906542, line 73: unreachable code after return statement
JavaScript warning: https://www.googletagmanager.com/gtag/js?id=DC-2906542, line 73: unreachable code after return statement
JavaScript error: https://cdn.userreplay.net/us135201215f1d5f6bbcc9e4e3b705b5c00_ct_v2.js, line 10: TypeError: t[n].sheet.rules is undefined
JavaScript error: https://cdn.userreplay.net/us135201215f1d5f6bbcc9e4e3b705b5c00_ct_v2.js, line 10: TypeError: t[n].sheet.rules is undefined
JavaScript warning: https://www.googletagmanager.com/gtag/js?id=DC-2906542, line 73: unreachable code after return statement
JavaScript warning: https://www.googletagmanager.com/gtag/js?id=DC-2906542, line 73: unreachable code after return statement
JavaScript error: https://cdn.userreplay.net/us135201215f1d5f6bbcc9e4e3b705b5c00_ct_v2.js, line 10: TypeError: t[n].sheet.rules is undefined
JavaScript error: https://cdn.userreplay.net/us135201215f1d5f6bbcc9e4e3b705b5c00_ct_v2.js, line 10: TypeError: t[n].sheet.rules is undefined
JavaScript warning: https://www.googletagmanager.com/gtag/js?id=DC-2906542, line 73: unreachable code after return statement
JavaScript warning: https://www.googletagmanager.com/gtag/js?id=DC-2906542, line 73: unreachable code after return statement
JavaScript error: https://cdn.userreplay.net/us135201215f1d5f6bbcc9e4e3b705b5c00_ct_v2.js, line 10: TypeError: t[n].sheet.rules is undefined
JavaScript warning: https://www.googletagmanager.com/gtag/js?id=DC-2906542, line 73: unreachable code after return statement
JavaScript warning: https://www.googletagmanager.com/gtag/js?id=DC-2906542, line 73: unreachable code after return statement
JavaScript error: https://cdn.userreplay.net/us135201215f1d5f6bbcc9e4e3b705b5c00_ct_v2.js, line 10: TypeError: t[n].sheet.rules is undefined
JavaScript error: https://cdn.userreplay.net/us135201215f1d5f6bbcc9e4e3b705b5c00_ct_v2.js, line 10: TypeError: t[n].sheet.rules is undefined
JavaScript warning: https://www.googletagmanager.com/gtag/js?id=DC-2906542, line 73: unreachable code after return statement
JavaScript warning: https://www.googletagmanager.com/gtag/js?id=DC-2906542, line 73: unreachable code after return statement
JavaScript error: https://cdn.userreplay.net/us135201215f1d5f6bbcc9e4e3b705b5c00_ct_v2.js, line 10: TypeError: t[n].sheet.rules is undefined
JavaScript warning: https://www.googletagmanager.com/gtag/js?id=DC-2906542, line 73: unreachable code after return statement
JavaScript warning: https://www.googletagmanager.com/gtag/js?id=DC-2906542, line 73: unreachable code after return statement
JavaScript error: https://cdn.userreplay.net/us135201215f1d5f6bbcc9e4e3b705b5c00_ct_v2.js, line 10: TypeError: t[n].sheet.rules is undefined
JavaScript error: https://cdn.userreplay.net/us135201215f1d5f6bbcc9e4e3b705b5c00_ct_v2.js, line 10: TypeError: t[n].sheet.rules is undefined
JavaScript warning: https://www.googletagmanager.com/gtag/js?id=DC-2906542, line 73: unreachable code after return statement
JavaScript warning: https://www.googletagmanager.com/gtag/js?id=DC-2906542, line 73: unreachable code after return statement
JavaScript error: https://cdn.userreplay.net/us135201215f1d5f6bbcc9e4e3b705b5c00_ct_v2.js, line 10: TypeError: t[n].sheet.rules is undefined
JavaScript error: https://cdn.userreplay.net/us135201215f1d5f6bbcc9e4e3b705b5c00_ct_v2.js, line 10: TypeError: t[n].sheet.rules is undefined
JavaScript warning: https://www.googletagmanager.com/gtag/js?id=DC-2906542, line 73: unreachable code after return statement
JavaScript warning: https://www.googletagmanager.com/gtag/js?id=DC-2906542, line 73: unreachable code after return statement
JavaScript error: https://cdn.userreplay.net/us135201215f1d5f6bbcc9e4e3b705b5c00_ct_v2.js, line 10: TypeError: t[n].sheet.rules is undefined
JavaScript warning: https://www.googletagmanager.com/gtag/js?id=DC-2906542, line 73: unreachable code after return statement
JavaScript warning: https://www.googletagmanager.com/gtag/js?id=DC-2906542, line 73: unreachable code after return statement
JavaScript error: https://cdn.userreplay.net/us135201215f1d5f6bbcc9e4e3b705b5c00_ct_v2.js, line 10: TypeError: t[n].sheet.rules is undefined
JavaScript warning: https://www.googletagmanager.com/gtag/js?id=DC-2906542, line 73: unreachable code after return statement
JavaScript warning: https://www.googletagmanager.com/gtag/js?id=DC-2906542, line 73: unreachable code after return statement
JavaScript error: https://cdn.userreplay.net/us135201215f1d5f6bbcc9e4e3b705b5c00_ct_v2.js, line 10: TypeError: t[n].sheet.rules is undefined
JavaScript warning: https://www.googletagmanager.com/gtag/js?id=DC-2906542, line 73: unreachable code after return statement
JavaScript warning: https://www.googletagmanager.com/gtag/js?id=DC-2906542, line 73: unreachable code after return statement
JavaScript error: https://cdn.userreplay.net/us135201215f1d5f6bbcc9e4e3b705b5c00_ct_v2.js, line 10: TypeError: t[n].sheet.rules is undefined
JavaScript error: https://cdn.userreplay.net/us135201215f1d5f6bbcc9e4e3b705b5c00_ct_v2.js, line 10: TypeError: t[n].sheet.rules is undefined
JavaScript error: https://cdn.userreplay.net/us135201215f1d5f6bbcc9e4e3b705b5c00_ct_v2.js, line 10: TypeError: t[n].sheet.rules is undefined
JavaScript warning: https://www.googletagmanager.com/gtag/js?id=DC-2906542, line 73: unreachable code after return statement
JavaScript warning: https://www.googletagmanager.com/gtag/js?id=DC-2906542, line 73: unreachable code after return statement
JavaScript error: https://cdn.userreplay.net/us135201215f1d5f6bbcc9e4e3b705b5c00_ct_v2.js, line 10: TypeError: t[n].sheet.rules is undefined
JavaScript error: https://cdn.userreplay.net/us135201215f1d5f6bbcc9e4e3b705b5c00_ct_v2.js, line 10: TypeError: t[n].sheet.rules is undefined
JavaScript warning: https://www.googletagmanager.com/gtag/js?id=DC-2906542, line 73: unreachable code after return statement
JavaScript warning: https://www.googletagmanager.com/gtag/js?id=DC-2906542, line 73: unreachable code after return statement
JavaScript error: https://cdn.userreplay.net/us135201215f1d5f6bbcc9e4e3b705b5c00_ct_v2.js, line 10: TypeError: t[n].sheet.rules is undefined
JavaScript warning: https://www.googletagmanager.com/gtag/js?id=DC-2906542, line 73: unreachable code after return statement
JavaScript warning: https://www.googletagmanager.com/gtag/js?id=DC-2906542, line 73: unreachable code after return statement
JavaScript error: https://cdn.userreplay.net/us135201215f1d5f6bbcc9e4e3b705b5c00_ct_v2.js, line 10: TypeError: t[n].sheet.rules is undefined
JavaScript error: https://cdn.userreplay.net/us135201215f1d5f6bbcc9e4e3b705b5c00_ct_v2.js, line 10: TypeError: t[n].sheet.rules is undefined
JavaScript error: https://cdn.userreplay.net/us135201215f1d5f6bbcc9e4e3b705b5c00_ct_v2.js, line 10: TypeError: t[n].sheet.rules is undefined
JavaScript warning: https://www.googletagmanager.com/gtag/js?id=DC-2906542, line 73: unreachable code after return statement
JavaScript warning: https://www.googletagmanager.com/gtag/js?id=DC-2906542, line 73: unreachable code after return statement
JavaScript error: https://cdn.userreplay.net/us135201215f1d5f6bbcc9e4e3b705b5c00_ct_v2.js, line 10: TypeError: t[n].sheet.rules is undefined
JavaScript warning: https://www.googletagmanager.com/gtag/js?id=DC-2906542, line 73: unreachable code after return statement
JavaScript warning: https://www.googletagmanager.com/gtag/js?id=DC-2906542, line 73: unreachable code after return statement
JavaScript error: https://cdn.userreplay.net/us135201215f1d5f6bbcc9e4e3b705b5c00_ct_v2.js, line 10: TypeError: t[n].sheet.rules is undefined
JavaScript error: https://cdn.userreplay.net/us135201215f1d5f6bbcc9e4e3b705b5c00_ct_v2.js, line 10: TypeError: t[n].sheet.rules is undefined
JavaScript warning: https://www.googletagmanager.com/gtag/js?id=DC-2906542, line 73: unreachable code after return statement
JavaScript warning: https://www.googletagmanager.com/gtag/js?id=DC-2906542, line 73: unreachable code after return statement
JavaScript error: https://cdn.userreplay.net/us135201215f1d5f6bbcc9e4e3b705b5c00_ct_v2.js, line 10: TypeError: t[n].sheet.rules is undefined
JavaScript error: https://cdn.userreplay.net/us135201215f1d5f6bbcc9e4e3b705b5c00_ct_v2.js, line 10: TypeError: t[n].sheet.rules is undefined
JavaScript warning: https://www.googletagmanager.com/gtag/js?id=DC-2906542, line 73: unreachable code after return statement
JavaScript warning: https://www.googletagmanager.com/gtag/js?id=DC-2906542, line 73: unreachable code after return statement
JavaScript error: https://cdn.userreplay.net/us135201215f1d5f6bbcc9e4e3b705b5c00_ct_v2.js, line 10: TypeError: t[n].sheet.rules is undefined
JavaScript error: https://cdn.userreplay.net/us135201215f1d5f6bbcc9e4e3b705b5c00_ct_v2.js, line 10: TypeError: t[n].sheet.rules is undefined
JavaScript warning: https://www.googletagmanager.com/gtag/js?id=DC-2906542, line 73: unreachable code after return statement
JavaScript warning: https://www.googletagmanager.com/gtag/js?id=DC-2906542, line 73: unreachable code after return statement
JavaScript error: https://cdn.userreplay.net/us135201215f1d5f6bbcc9e4e3b705b5c00_ct_v2.js, line 10: TypeError: t[n].sheet.rules is undefined
JavaScript error: https://cdn.userreplay.net/us135201215f1d5f6bbcc9e4e3b705b5c00_ct_v2.js, line 10: TypeError: t[n].sheet.rules is undefined
JavaScript warning: https://www.googletagmanager.com/gtag/js?id=DC-2906542, line 73: unreachable code after return statement
JavaScript warning: https://www.googletagmanager.com/gtag/js?id=DC-2906542, line 73: unreachable code after return statement
JavaScript error: https://cdn.userreplay.net/us135201215f1d5f6bbcc9e4e3b705b5c00_ct_v2.js, line 10: TypeError: t[n].sheet.rules is undefined
JavaScript error: https://cdn.userreplay.net/us135201215f1d5f6bbcc9e4e3b705b5c00_ct_v2.js, line 10: TypeError: t[n].sheet.rules is undefined
JavaScript warning: https://www.googletagmanager.com/gtag/js?id=DC-2906542, line 73: unreachable code after return statement
JavaScript warning: https://www.googletagmanager.com/gtag/js?id=DC-2906542, line 73: unreachable code after return statement
JavaScript error: https://cdn.userreplay.net/us135201215f1d5f6bbcc9e4e3b705b5c00_ct_v2.js, line 10: TypeError: t[n].sheet.rules is undefined
JavaScript warning: https://www.googletagmanager.com/gtag/js?id=DC-2906542, line 73: unreachable code after return statement
JavaScript warning: https://www.googletagmanager.com/gtag/js?id=DC-2906542, line 73: unreachable code after return statement
JavaScript error: https://cdn.userreplay.net/us135201215f1d5f6bbcc9e4e3b705b5c00_ct_v2.js, line 10: TypeError: t[n].sheet.rules is undefined
JavaScript error: https://cdn.userreplay.net/us135201215f1d5f6bbcc9e4e3b705b5c00_ct_v2.js, line 10: TypeError: t[n].sheet.rules is undefined
JavaScript error: https://cdn.userreplay.net/us135201215f1d5f6bbcc9e4e3b705b5c00_ct_v2.js, line 10: TypeError: t[n].sheet.rules is undefined
JavaScript warning: https://www.googletagmanager.com/gtag/js?id=DC-2906542, line 73: unreachable code after return statement
JavaScript warning: https://www.googletagmanager.com/gtag/js?id=DC-2906542, line 73: unreachable code after return statement
JavaScript error: https://cdn.userreplay.net/us135201215f1d5f6bbcc9e4e3b705b5c00_ct_v2.js, line 10: TypeError: t[n].sheet.rules is undefined
JavaScript warning: https://www.googletagmanager.com/gtag/js?id=DC-2906542, line 73: unreachable code after return statement
JavaScript warning: https://www.googletagmanager.com/gtag/js?id=DC-2906542, line 73: unreachable code after return statement
JavaScript error: https://cdn.userreplay.net/us135201215f1d5f6bbcc9e4e3b705b5c00_ct_v2.js, line 10: TypeError: t[n].sheet.rules is undefined
JavaScript error: https://cdn.userreplay.net/us135201215f1d5f6bbcc9e4e3b705b5c00_ct_v2.js, line 10: TypeError: t[n].sheet.rules is undefined
JavaScript error: https://cdn.userreplay.net/us135201215f1d5f6bbcc9e4e3b705b5c00_ct_v2.js, line 10: TypeError: t[n].sheet.rules is undefined
JavaScript warning: https://www.googletagmanager.com/gtag/js?id=DC-2906542, line 73: unreachable code after return statement
JavaScript warning: https://www.googletagmanager.com/gtag/js?id=DC-2906542, line 73: unreachable code after return statement
JavaScript error: https://cdn.userreplay.net/us135201215f1d5f6bbcc9e4e3b705b5c00_ct_v2.js, line 10: TypeError: t[n].sheet.rules is undefined
JavaScript error: https://cdn.userreplay.net/us135201215f1d5f6bbcc9e4e3b705b5c00_ct_v2.js, line 10: TypeError: t[n].sheet.rules is undefined
JavaScript warning: https://www.googletagmanager.com/gtag/js?id=DC-2906542, line 73: unreachable code after return statement
JavaScript warning: https://www.googletagmanager.com/gtag/js?id=DC-2906542, line 73: unreachable code after return statement
JavaScript error: https://cdn.userreplay.net/us135201215f1d5f6bbcc9e4e3b705b5c00_ct_v2.js, line 10: TypeError: t[n].sheet.rules is undefined
JavaScript warning: https://www.googletagmanager.com/gtag/js?id=DC-2906542, line 73: unreachable code after return statement
JavaScript warning: https://www.googletagmanager.com/gtag/js?id=DC-2906542, line 73: unreachable code after return statement
JavaScript error: https://cdn.userreplay.net/us135201215f1d5f6bbcc9e4e3b705b5c00_ct_v2.js, line 10: TypeError: t[n].sheet.rules is undefined
JavaScript error: https://cdn.userreplay.net/us135201215f1d5f6bbcc9e4e3b705b5c00_ct_v2.js, line 10: TypeError: t[n].sheet.rules is undefined
JavaScript warning: https://www.googletagmanager.com/gtag/js?id=DC-2906542, line 73: unreachable code after return statement
JavaScript warning: https://www.googletagmanager.com/gtag/js?id=DC-2906542, line 73: unreachable code after return statement
JavaScript error: https://cdn.userreplay.net/us135201215f1d5f6bbcc9e4e3b705b5c00_ct_v2.js, line 10: TypeError: t[n].sheet.rules is undefined
JavaScript warning: https://www.googletagmanager.com/gtag/js?id=DC-2906542, line 73: unreachable code after return statement
JavaScript warning: https://www.googletagmanager.com/gtag/js?id=DC-2906542, line 73: unreachable code after return statement
JavaScript error: https://cdn.userreplay.net/us135201215f1d5f6bbcc9e4e3b705b5c00_ct_v2.js, line 10: TypeError: t[n].sheet.rules is undefined
JavaScript error: https://cdn.userreplay.net/us135201215f1d5f6bbcc9e4e3b705b5c00_ct_v2.js, line 10: TypeError: t[n].sheet.rules is undefined
JavaScript warning: https://www.googletagmanager.com/gtag/js?id=DC-2906542, line 73: unreachable code after return statement
JavaScript warning: https://www.googletagmanager.com/gtag/js?id=DC-2906542, line 73: unreachable code after return statement
JavaScript error: https://cdn.userreplay.net/us135201215f1d5f6bbcc9e4e3b705b5c00_ct_v2.js, line 10: TypeError: t[n].sheet.rules is undefined
JavaScript warning: https://www.googletagmanager.com/gtag/js?id=DC-2906542, line 73: unreachable code after return statement
JavaScript warning: https://www.googletagmanager.com/gtag/js?id=DC-2906542, line 73: unreachable code after return statement
JavaScript error: https://cdn.userreplay.net/us135201215f1d5f6bbcc9e4e3b705b5c00_ct_v2.js, line 10: TypeError: t[n].sheet.rules is undefined
JavaScript error: https://cdn.userreplay.net/us135201215f1d5f6bbcc9e4e3b705b5c00_ct_v2.js, line 10: TypeError: t[n].sheet.rules is undefined
JavaScript error: https://cdn.userreplay.net/us135201215f1d5f6bbcc9e4e3b705b5c00_ct_v2.js, line 10: TypeError: t[n].sheet.rules is undefined
JavaScript warning: https://www.googletagmanager.com/gtag/js?id=DC-2906542, line 73: unreachable code after return statement
JavaScript warning: https://www.googletagmanager.com/gtag/js?id=DC-2906542, line 73: unreachable code after return statement
JavaScript error: https://cdn.userreplay.net/us135201215f1d5f6bbcc9e4e3b705b5c00_ct_v2.js, line 10: TypeError: t[n].sheet.rules is undefined
JavaScript warning: https://www.googletagmanager.com/gtag/js?id=DC-2906542, line 73: unreachable code after return statement
JavaScript warning: https://www.googletagmanager.com/gtag/js?id=DC-2906542, line 73: unreachable code after return statement
JavaScript error: https://cdn.userreplay.net/us135201215f1d5f6bbcc9e4e3b705b5c00_ct_v2.js, line 10: TypeError: t[n].sheet.rules is undefined
JavaScript error: https://cdn.userreplay.net/us135201215f1d5f6bbcc9e4e3b705b5c00_ct_v2.js, line 10: TypeError: t[n].sheet.rules is undefined
JavaScript warning: https://www.googletagmanager.com/gtag/js?id=DC-2906542, line 73: unreachable code after return statement
JavaScript warning: https://www.googletagmanager.com/gtag/js?id=DC-2906542, line 73: unreachable code after return statement
JavaScript error: https://cdn.userreplay.net/us135201215f1d5f6bbcc9e4e3b705b5c00_ct_v2.js, line 10: TypeError: t[n].sheet.rules is undefined
JavaScript warning: https://www.googletagmanager.com/gtag/js?id=DC-2906542, line 73: unreachable code after return statement
JavaScript warning: https://www.googletagmanager.com/gtag/js?id=DC-2906542, line 73: unreachable code after return statement
JavaScript error: https://cdn.userreplay.net/us135201215f1d5f6bbcc9e4e3b705b5c00_ct_v2.js, line 10: TypeError: t[n].sheet.rules is undefined
JavaScript error: https://cdn.userreplay.net/us135201215f1d5f6bbcc9e4e3b705b5c00_ct_v2.js, line 10: TypeError: t[n].sheet.rules is undefined
JavaScript warning: https://www.googletagmanager.com/gtag/js?id=DC-2906542, line 73: unreachable code after return statement
JavaScript warning: https://www.googletagmanager.com/gtag/js?id=DC-2906542, line 73: unreachable code after return statement
JavaScript error: https://cdn.userreplay.net/us135201215f1d5f6bbcc9e4e3b705b5c00_ct_v2.js, line 10: TypeError: t[n].sheet.rules is undefined
JavaScript error: https://cdn.userreplay.net/us135201215f1d5f6bbcc9e4e3b705b5c00_ct_v2.js, line 10: TypeError: t[n].sheet.rules is undefined
JavaScript error: https://cdn.userreplay.net/us135201215f1d5f6bbcc9e4e3b705b5c00_ct_v2.js, line 10: TypeError: t[n].sheet.rules is undefined
JavaScript warning: https://www.googletagmanager.com/gtag/js?id=DC-2906542, line 73: unreachable code after return statement
JavaScript warning: https://www.googletagmanager.com/gtag/js?id=DC-2906542, line 73: unreachable code after return statement
JavaScript error: https://cdn.userreplay.net/us135201215f1d5f6bbcc9e4e3b705b5c00_ct_v2.js, line 10: TypeError: t[n].sheet.rules is undefined
JavaScript warning: https://www.googletagmanager.com/gtag/js?id=DC-2906542, line 73: unreachable code after return statement
JavaScript warning: https://www.googletagmanager.com/gtag/js?id=DC-2906542, line 73: unreachable code after return statement
JavaScript error: https://cdn.userreplay.net/us135201215f1d5f6bbcc9e4e3b705b5c00_ct_v2.js, line 10: TypeError: t[n].sheet.rules is undefined
JavaScript error: https://cdn.userreplay.net/us135201215f1d5f6bbcc9e4e3b705b5c00_ct_v2.js, line 10: TypeError: t[n].sheet.rules is undefined
JavaScript error: https://cdn.userreplay.net/us135201215f1d5f6bbcc9e4e3b705b5c00_ct_v2.js, line 10: TypeError: t[n].sheet.rules is undefined
JavaScript warning: https://www.googletagmanager.com/gtag/js?id=DC-2906542, line 73: unreachable code after return statement
JavaScript warning: https://www.googletagmanager.com/gtag/js?id=DC-2906542, line 73: unreachable code after return statement
JavaScript error: https://cdn.userreplay.net/us135201215f1d5f6bbcc9e4e3b705b5c00_ct_v2.js, line 10: TypeError: t[n].sheet.rules is undefined
JavaScript warning: https://www.googletagmanager.com/gtag/js?id=DC-2906542, line 73: unreachable code after return statement
JavaScript warning: https://www.googletagmanager.com/gtag/js?id=DC-2906542, line 73: unreachable code after return statement
JavaScript error: https://cdn.userreplay.net/us135201215f1d5f6bbcc9e4e3b705b5c00_ct_v2.js, line 10: TypeError: t[n].sheet.rules is undefined
JavaScript error: https://cdn.userreplay.net/us135201215f1d5f6bbcc9e4e3b705b5c00_ct_v2.js, line 10: TypeError: t[n].sheet.rules is undefined
JavaScript warning: https://www.googletagmanager.com/gtag/js?id=DC-2906542, line 73: unreachable code after return statement
JavaScript warning: https://www.googletagmanager.com/gtag/js?id=DC-2906542, line 73: unreachable code after return statement
JavaScript error: https://cdn.userreplay.net/us135201215f1d5f6bbcc9e4e3b705b5c00_ct_v2.js, line 10: TypeError: t[n].sheet.rules is undefined
JavaScript error: https://cdn.userreplay.net/us135201215f1d5f6bbcc9e4e3b705b5c00_ct_v2.js, line 10: TypeError: t[n].sheet.rules is undefined
JavaScript warning: https://www.googletagmanager.com/gtag/js?id=DC-2906542, line 73: unreachable code after return statement
JavaScript warning: https://www.googletagmanager.com/gtag/js?id=DC-2906542, line 73: unreachable code after return statement
JavaScript error: https://cdn.userreplay.net/us135201215f1d5f6bbcc9e4e3b705b5c00_ct_v2.js, line 10: TypeError: t[n].sheet.rules is undefined
JavaScript error: https://cdn.userreplay.net/us135201215f1d5f6bbcc9e4e3b705b5c00_ct_v2.js, line 10: TypeError: t[n].sheet.rules is undefined
JavaScript error: https://cdn.userreplay.net/us135201215f1d5f6bbcc9e4e3b705b5c00_ct_v2.js, line 10: TypeError: t[n].sheet.rules is undefined
JavaScript warning: https://www.googletagmanager.com/gtag/js?id=DC-2906542, line 73: unreachable code after return statement
JavaScript warning: https://www.googletagmanager.com/gtag/js?id=DC-2906542, line 73: unreachable code after return statement
JavaScript error: https://cdn.userreplay.net/us135201215f1d5f6bbcc9e4e3b705b5c00_ct_v2.js, line 10: TypeError: t[n].sheet.rules is undefined
JavaScript warning: https://www.googletagmanager.com/gtag/js?id=DC-2906542, line 73: unreachable code after return statement
JavaScript warning: https://www.googletagmanager.com/gtag/js?id=DC-2906542, line 73: unreachable code after return statement
JavaScript error: https://cdn.userreplay.net/us135201215f1d5f6bbcc9e4e3b705b5c00_ct_v2.js, line 10: TypeError: t[n].sheet.rules is undefined
JavaScript error: https://cdn.userreplay.net/us135201215f1d5f6bbcc9e4e3b705b5c00_ct_v2.js, line 10: TypeError: t[n].sheet.rules is undefined
JavaScript error: https://cdn.userreplay.net/us135201215f1d5f6bbcc9e4e3b705b5c00_ct_v2.js, line 10: TypeError: t[n].sheet.rules is undefined
JavaScript warning: https://www.googletagmanager.com/gtag/js?id=DC-2906542, line 73: unreachable code after return statement
JavaScript warning: https://www.googletagmanager.com/gtag/js?id=DC-2906542, line 73: unreachable code after return statement
JavaScript error: https://cdn.userreplay.net/us135201215f1d5f6bbcc9e4e3b705b5c00_ct_v2.js, line 10: TypeError: t[n].sheet.rules is undefined
JavaScript warning: https://www.googletagmanager.com/gtag/js?id=DC-2906542, line 73: unreachable code after return statement
JavaScript warning: https://www.googletagmanager.com/gtag/js?id=DC-2906542, line 73: unreachable code after return statement
JavaScript error: https://cdn.userreplay.net/us135201215f1d5f6bbcc9e4e3b705b5c00_ct_v2.js, line 10: TypeError: t[n].sheet.rules is undefined
JavaScript error: https://cdn.userreplay.net/us135201215f1d5f6bbcc9e4e3b705b5c00_ct_v2.js, line 10: TypeError: t[n].sheet.rules is undefined
JavaScript warning: https://www.googletagmanager.com/gtag/js?id=DC-2906542, line 73: unreachable code after return statement
JavaScript warning: https://www.googletagmanager.com/gtag/js?id=DC-2906542, line 73: unreachable code after return statement
JavaScript error: https://cdn.userreplay.net/us135201215f1d5f6bbcc9e4e3b705b5c00_ct_v2.js, line 10: TypeError: t[n].sheet.rules is undefined
JavaScript error: https://cdn.userreplay.net/us135201215f1d5f6bbcc9e4e3b705b5c00_ct_v2.js, line 10: TypeError: t[n].sheet.rules is undefined
JavaScript warning: https://www.googletagmanager.com/gtag/js?id=DC-2906542, line 73: unreachable code after return statement
JavaScript warning: https://www.googletagmanager.com/gtag/js?id=DC-2906542, line 73: unreachable code after return statement
JavaScript error: https://cdn.userreplay.net/us135201215f1d5f6bbcc9e4e3b705b5c00_ct_v2.js, line 10: TypeError: t[n].sheet.rules is undefined
JavaScript warning: https://www.googletagmanager.com/gtag/js?id=DC-2906542, line 73: unreachable code after return statement
JavaScript warning: https://www.googletagmanager.com/gtag/js?id=DC-2906542, line 73: unreachable code after return statement
JavaScript error: https://cdn.userreplay.net/us135201215f1d5f6bbcc9e4e3b705b5c00_ct_v2.js, line 10: TypeError: t[n].sheet.rules is undefined
JavaScript error: https://cdn.userreplay.net/us135201215f1d5f6bbcc9e4e3b705b5c00_ct_v2.js, line 10: TypeError: t[n].sheet.rules is undefined
JavaScript warning: https://www.googletagmanager.com/gtag/js?id=DC-2906542, line 73: unreachable code after return statement
JavaScript warning: https://www.googletagmanager.com/gtag/js?id=DC-2906542, line 73: unreachable code after return statement
JavaScript error: https://cdn.userreplay.net/us135201215f1d5f6bbcc9e4e3b705b5c00_ct_v2.js, line 10: TypeError: t[n].sheet.rules is undefined
JavaScript error: https://cdn.userreplay.net/us135201215f1d5f6bbcc9e4e3b705b5c00_ct_v2.js, line 10: TypeError: t[n].sheet.rules is undefined
JavaScript error: https://cdn.userreplay.net/us135201215f1d5f6bbcc9e4e3b705b5c00_ct_v2.js, line 10: TypeError: t[n].sheet.rules is undefined
JavaScript warning: https://www.googletagmanager.com/gtag/js?id=DC-2906542, line 73: unreachable code after return statement
JavaScript warning: https://www.googletagmanager.com/gtag/js?id=DC-2906542, line 73: unreachable code after return statement
JavaScript error: https://cdn.userreplay.net/us135201215f1d5f6bbcc9e4e3b705b5c00_ct_v2.js, line 10: TypeError: t[n].sheet.rules is undefined
JavaScript error: https://cdn.userreplay.net/us135201215f1d5f6bbcc9e4e3b705b5c00_ct_v2.js, line 10: TypeError: t[n].sheet.rules is undefined
JavaScript warning: https://www.googletagmanager.com/gtag/js?id=DC-2906542, line 73: unreachable code after return statement
JavaScript warning: https://www.googletagmanager.com/gtag/js?id=DC-2906542, line 73: unreachable code after return statement
JavaScript error: https://cdn.userreplay.net/us135201215f1d5f6bbcc9e4e3b705b5c00_ct_v2.js, line 10: TypeError: t[n].sheet.rules is undefined
JavaScript warning: https://www.googletagmanager.com/gtag/js?id=DC-2906542, line 73: unreachable code after return statement
JavaScript warning: https://www.googletagmanager.com/gtag/js?id=DC-2906542, line 73: unreachable code after return statement
JavaScript error: https://cdn.userreplay.net/us135201215f1d5f6bbcc9e4e3b705b5c00_ct_v2.js, line 10: TypeError: t[n].sheet.rules is undefined
JavaScript warning: https://www.googletagmanager.com/gtag/js?id=DC-2906542, line 73: unreachable code after return statement
JavaScript warning: https://www.googletagmanager.com/gtag/js?id=DC-2906542, line 73: unreachable code after return statement
JavaScript error: https://cdn.userreplay.net/us135201215f1d5f6bbcc9e4e3b705b5c00_ct_v2.js, line 10: TypeError: t[n].sheet.rules is undefined
JavaScript error: https://cdn.userreplay.net/us135201215f1d5f6bbcc9e4e3b705b5c00_ct_v2.js, line 10: TypeError: t[n].sheet.rules is undefined
JavaScript warning: https://www.googletagmanager.com/gtag/js?id=DC-2906542, line 73: unreachable code after return statement
JavaScript warning: https://www.googletagmanager.com/gtag/js?id=DC-2906542, line 73: unreachable code after return statement
JavaScript error: https://cdn.userreplay.net/us135201215f1d5f6bbcc9e4e3b705b5c00_ct_v2.js, line 10: TypeError: t[n].sheet.rules is undefined
JavaScript error: https://cdn.userreplay.net/us135201215f1d5f6bbcc9e4e3b705b5c00_ct_v2.js, line 10: TypeError: t[n].sheet.rules is undefined
JavaScript warning: https://www.googletagmanager.com/gtag/js?id=DC-2906542, line 73: unreachable code after return statement
JavaScript warning: https://www.googletagmanager.com/gtag/js?id=DC-2906542, line 73: unreachable code after return statement
JavaScript error: https://cdn.userreplay.net/us135201215f1d5f6bbcc9e4e3b705b5c00_ct_v2.js, line 10: TypeError: t[n].sheet.rules is undefined
JavaScript warning: https://www.googletagmanager.com/gtag/js?id=DC-2906542, line 73: unreachable code after return statement
JavaScript warning: https://www.googletagmanager.com/gtag/js?id=DC-2906542, line 73: unreachable code after return statement
JavaScript error: https://cdn.userreplay.net/us135201215f1d5f6bbcc9e4e3b705b5c00_ct_v2.js, line 10: TypeError: t[n].sheet.rules is undefined
JavaScript warning: https://www.googletagmanager.com/gtag/js?id=DC-2906542, line 73: unreachable code after return statement
JavaScript warning: https://www.googletagmanager.com/gtag/js?id=DC-2906542, line 73: unreachable code after return statement
JavaScript error: https://cdn.userreplay.net/us135201215f1d5f6bbcc9e4e3b705b5c00_ct_v2.js, line 10: TypeError: t[n].sheet.rules is undefined
JavaScript error: https://cdn.userreplay.net/us135201215f1d5f6bbcc9e4e3b705b5c00_ct_v2.js, line 10: TypeError: t[n].sheet.rules is undefined
JavaScript error: https://cdn.userreplay.net/us135201215f1d5f6bbcc9e4e3b705b5c00_ct_v2.js, line 10: TypeError: t[n].sheet.rules is undefined
JavaScript warning: https://www.googletagmanager.com/gtag/js?id=DC-2906542, line 73: unreachable code after return statement
JavaScript warning: https://www.googletagmanager.com/gtag/js?id=DC-2906542, line 73: unreachable code after return statement
JavaScript error: https://cdn.userreplay.net/us135201215f1d5f6bbcc9e4e3b705b5c00_ct_v2.js, line 10: TypeError: t[n].sheet.rules is undefined
JavaScript warning: https://www.googletagmanager.com/gtag/js?id=DC-2906542, line 73: unreachable code after return statement
JavaScript warning: https://www.googletagmanager.com/gtag/js?id=DC-2906542, line 73: unreachable code after return statement
JavaScript error: https://cdn.userreplay.net/us135201215f1d5f6bbcc9e4e3b705b5c00_ct_v2.js, line 10: TypeError: t[n].sheet.rules is undefined
JavaScript error: https://cdn.userreplay.net/us135201215f1d5f6bbcc9e4e3b705b5c00_ct_v2.js, line 10: TypeError: t[n].sheet.rules is undefined
JavaScript warning: https://www.googletagmanager.com/gtag/js?id=DC-2906542, line 73: unreachable code after return statement
JavaScript warning: https://www.googletagmanager.com/gtag/js?id=DC-2906542, line 73: unreachable code after return statement
JavaScript error: https://cdn.userreplay.net/us135201215f1d5f6bbcc9e4e3b705b5c00_ct_v2.js, line 10: TypeError: t[n].sheet.rules is undefined
JavaScript warning: https://www.googletagmanager.com/gtag/js?id=DC-2906542, line 73: unreachable code after return statement
JavaScript warning: https://www.googletagmanager.com/gtag/js?id=DC-2906542, line 73: unreachable code after return statement
JavaScript error: https://cdn.userreplay.net/us135201215f1d5f6bbcc9e4e3b705b5c00_ct_v2.js, line 10: TypeError: t[n].sheet.rules is undefined
JavaScript error: https://cdn.userreplay.net/us135201215f1d5f6bbcc9e4e3b705b5c00_ct_v2.js, line 10: TypeError: t[n].sheet.rules is undefined
JavaScript warning: https://www.googletagmanager.com/gtag/js?id=DC-2906542, line 73: unreachable code after return statement
JavaScript warning: https://www.googletagmanager.com/gtag/js?id=DC-2906542, line 73: unreachable code after return statement
JavaScript error: https://cdn.userreplay.net/us135201215f1d5f6bbcc9e4e3b705b5c00_ct_v2.js, line 10: TypeError: t[n].sheet.rules is undefined
JavaScript error: https://cdn.userreplay.net/us135201215f1d5f6bbcc9e4e3b705b5c00_ct_v2.js, line 10: TypeError: t[n].sheet.rules is undefined
JavaScript warning: https://www.googletagmanager.com/gtag/js?id=DC-2906542, line 73: unreachable code after return statement
JavaScript warning: https://www.googletagmanager.com/gtag/js?id=DC-2906542, line 73: unreachable code after return statement
JavaScript error: https://cdn.userreplay.net/us135201215f1d5f6bbcc9e4e3b705b5c00_ct_v2.js, line 10: TypeError: t[n].sheet.rules is undefined
JavaScript warning: https://www.googletagmanager.com/gtag/js?id=DC-2906542, line 73: unreachable code after return statement
JavaScript warning: https://www.googletagmanager.com/gtag/js?id=DC-2906542, line 73: unreachable code after return statement
JavaScript error: https://cdn.userreplay.net/us135201215f1d5f6bbcc9e4e3b705b5c00_ct_v2.js, line 10: TypeError: t[n].sheet.rules is undefined
JavaScript error: https://cdn.userreplay.net/us135201215f1d5f6bbcc9e4e3b705b5c00_ct_v2.js, line 10: TypeError: t[n].sheet.rules is undefined
JavaScript warning: https://www.googletagmanager.com/gtag/js?id=DC-2906542, line 73: unreachable code after return statement
JavaScript warning: https://www.googletagmanager.com/gtag/js?id=DC-2906542, line 73: unreachable code after return statement
JavaScript error: https://cdn.userreplay.net/us135201215f1d5f6bbcc9e4e3b705b5c00_ct_v2.js, line 10: TypeError: t[n].sheet.rules is undefined
JavaScript error: https://cdn.userreplay.net/us135201215f1d5f6bbcc9e4e3b705b5c00_ct_v2.js, line 10: TypeError: t[n].sheet.rules is undefined
JavaScript warning: https://www.googletagmanager.com/gtag/js?id=DC-2906542, line 73: unreachable code after return statement
JavaScript warning: https://www.googletagmanager.com/gtag/js?id=DC-2906542, line 73: unreachable code after return statement
JavaScript error: https://cdn.userreplay.net/us135201215f1d5f6bbcc9e4e3b705b5c00_ct_v2.js, line 10: TypeError: t[n].sheet.rules is undefined
JavaScript error: https://cdn.userreplay.net/us135201215f1d5f6bbcc9e4e3b705b5c00_ct_v2.js, line 10: TypeError: t[n].sheet.rules is undefined
JavaScript warning: https://www.googletagmanager.com/gtag/js?id=DC-2906542, line 73: unreachable code after return statement
JavaScript warning: https://www.googletagmanager.com/gtag/js?id=DC-2906542, line 73: unreachable code after return statement
JavaScript error: https://cdn.userreplay.net/us135201215f1d5f6bbcc9e4e3b705b5c00_ct_v2.js, line 10: TypeError: t[n].sheet.rules is undefined
JavaScript error: https://cdn.userreplay.net/us135201215f1d5f6bbcc9e4e3b705b5c00_ct_v2.js, line 10: TypeError: t[n].sheet.rules is undefined
1538342775007	geckodriver	INFO	Listening on 127.0.0.1:49766
1538342775951	mozprofile::profile	INFO	Using profile path /var/folders/9d/8y3cq4456gv0_ysndlsmtwqm0000gn/T/rust_mozprofile.1BzFile2e0qf
1538342775952	geckodriver::marionette	INFO	Starting browser /Applications/Firefox.app/Contents/MacOS/firefox-bin
1538342775955	geckodriver::marionette	INFO	Connecting to Marionette on localhost:49779
1538342776601	Marionette	INFO	Listening on port 49779
1538516089442	geckodriver	INFO	Listening on 127.0.0.1:57538
1538516090387	mozprofile::profile	INFO	Using profile path /var/folders/9d/8y3cq4456gv0_ysndlsmtwqm0000gn/T/rust_mozprofile.wnp1ZeznZAJj
1538516090389	geckodriver::marionette	INFO	Starting browser /Applications/Firefox.app/Contents/MacOS/firefox-bin
1538516090392	geckodriver::marionette	INFO	Connecting to Marionette on localhost:57551
1538516091141	Marionette	INFO	Listening on port 57551
JavaScript warning: https://www.googletagmanager.com/gtag/js?id=DC-2906542, line 73: unreachable code after return statement
JavaScript warning: https://www.googletagmanager.com/gtag/js?id=DC-2906542, line 73: unreachable code after return statement
JavaScript warning: https://www.googletagmanager.com/gtag/js?id=DC-2906542, line 73: unreachable code after return statement
JavaScript warning: https://www.googletagmanager.com/gtag/js?id=DC-2906542, line 73: unreachable code after return statement
JavaScript warning: https://www.googletagmanager.com/gtag/js?id=DC-2906542, line 73: unreachable code after return statement
JavaScript warning: https://www.googletagmanager.com/gtag/js?id=DC-2906542, line 73: unreachable code after return statement
JavaScript warning: https://www.googletagmanager.com/gtag/js?id=DC-2906542, line 73: unreachable code after return statement
JavaScript warning: https://www.googletagmanager.com/gtag/js?id=DC-2906542, line 73: unreachable code after return statement
JavaScript warning: https://www.googletagmanager.com/gtag/js?id=DC-2906542, line 73: unreachable code after return statement
JavaScript warning: https://www.googletagmanager.com/gtag/js?id=DC-2906542, line 73: unreachable code after return statement
JavaScript warning: https://www.googletagmanager.com/gtag/js?id=DC-2906542, line 73: unreachable code after return statement
JavaScript warning: https://www.googletagmanager.com/gtag/js?id=DC-2906542, line 73: unreachable code after return statement
[Child 13516] ###!!! ABORT: Aborting on channel error.: file /builds/slave/m-rel-m64-00000000000000000000/build/src/ipc/glue/MessageChannel.cpp, line 2056
[Child 13516] ###!!! ABORT: Aborting on channel error.: file /builds/slave/m-rel-m64-00000000000000000000/build/src/ipc/glue/MessageChannel.cpp, line 2056
